#
# There is insufficient memory for the Java Runtime Environment to continue.
# Native memory allocation (mmap) failed to map 264241152 bytes. Error detail: G1 virtual space
# Possible reasons:
#   The system is out of physical RAM or swap space
#   This process is running with CompressedOops enabled, and the Java Heap may be blocking the growth of the native heap
# Possible solutions:
#   Reduce memory load on the system
#   Increase physical memory or swap space
#   Check if swap backing store is full
#   Decrease Java heap size (-Xmx/-Xms)
#   Decrease number of Java threads
#   Decrease Java thread stack sizes (-Xss)
#   Set larger code cache with -XX:ReservedCodeCacheSize=
#   JVM is running with Zero Based Compressed Oops mode in which the Java heap is
#     placed in the first 32GB address space. The Java Heap base address is the
#     maximum limit for the native heap growth. Please use -XX:HeapBaseMinAddress
#     to set the Java Heap base and to place the Java Heap above 32GB virtual address.
# This output file may be truncated or incomplete.
#
#  Out of Memory Error (os_windows.cpp:3631), pid=119584, tid=34728
#
# JRE version:  (22.0.1+8) (build )
# Java VM: Java HotSpot(TM) 64-Bit Server VM (22.0.1+8-16, mixed mode, sharing, tiered, compressed oops, compressed class ptrs, g1 gc, windows-amd64)
# No core dump will be written. Minidumps are not enabled by default on client versions of Windows
#

---------------  S U M M A R Y ------------

Command Line: -Dfile.encoding=utf8 c:\Users\DWIKI\.vscode\extensions\vscjava.vscode-gradle-3.14.1\lib\gradle-language-server.jar

Host: 13th Gen Intel(R) Core(TM) i7-13700HX, 24 cores, 15G,  Windows 11 , 64 bit Build 22621 (10.0.22621.3672)
Time: Fri Jul  5 20:35:59 2024 SE Asia Standard Time elapsed time: 0.010100 seconds (0d 0h 0m 0s)

---------------  T H R E A D  ---------------

Current thread (0x000001e4f6abe9c0):  JavaThread "Unknown thread" [_thread_in_vm, id=34728, stack(0x0000002edfc00000,0x0000002edfd00000) (1024K)]

Stack: [0x0000002edfc00000,0x0000002edfd00000]
Native frames: (J=compiled Java code, j=interpreted, Vv=VM code, C=native code)
V  [jvm.dll+0x6e2279]  (no source info available)
V  [jvm.dll+0x874e33]  (no source info available)
V  [jvm.dll+0x87725e]  (no source info available)
V  [jvm.dll+0x877933]  (no source info available)
V  [jvm.dll+0x27fd76]  (no source info available)
V  [jvm.dll+0x6de915]  (no source info available)
V  [jvm.dll+0x6d341a]  (no source info available)
V  [jvm.dll+0x3589da]  (no source info available)
V  [jvm.dll+0x360f06]  (no source info available)
V  [jvm.dll+0x3b3e2e]  (no source info available)
V  [jvm.dll+0x3b40d8]  (no source info available)
V  [jvm.dll+0x32c59c]  (no source info available)
V  [jvm.dll+0x32d158]  (no source info available)
V  [jvm.dll+0x83ccdc]  (no source info available)
V  [jvm.dll+0x3c0d71]  (no source info available)
V  [jvm.dll+0x825ccc]  (no source info available)
V  [jvm.dll+0x45b8fe]  (no source info available)
V  [jvm.dll+0x45d781]  (no source info available)
C  [jli.dll+0x52a3]  (no source info available)
C  [ucrtbase.dll+0x29333]  (no source info available)
C  [KERNEL32.DLL+0x1257d]  (no source info available)
C  [ntdll.dll+0x5af28]  (no source info available)


---------------  P R O C E S S  ---------------

Threads class SMR info:
_java_thread_list=0x00007ffe1c76b1c8, length=0, elements={
}

Java Threads: ( => current thread )
Total: 0

Other Threads:
  0x000001e4f8de3850 WorkerThread "GC Thread#0"                     [id=130220, stack(0x0000002edfd00000,0x0000002edfe00000) (1024K)]
  0x000001e4f8df5630 ConcurrentGCThread "G1 Main Marker"            [id=120196, stack(0x0000002edfe00000,0x0000002edff00000) (1024K)]
  0x000001e4f8df68e0 WorkerThread "G1 Conc#0"                       [id=111472, stack(0x0000002edff00000,0x0000002ee0000000) (1024K)]

[error occurred during error reporting (printing all threads), id 0xc0000005, EXCEPTION_ACCESS_VIOLATION (0xc0000005) at pc=0x00007ffe1bebf367]
VM state: not at safepoint (not fully initialized)

VM Mutex/Monitor currently owned by a thread:  ([mutex/lock_event])
[0x00007ffe1c7ebcb8] Heap_lock - owner thread: 0x000001e4f6abe9c0

Heap address: 0x0000000704600000, size: 4026 MB, Compressed Oops mode: Zero based, Oop shift amount: 3

CDS archive(s) mapped at: [0x0000000000000000-0x0000000000000000-0x0000000000000000), size 0, SharedBaseAddress: 0x0000000800000000, ArchiveRelocationMode: 1.
Narrow klass base: 0x0000000000000000, Narrow klass shift: 0, Narrow klass range: 0x0

GC Precious Log:
 CardTable entry size: 512
 Card Set container configuration: InlinePtr #cards 4 size 8 Array Of Cards #cards 16 size 48 Howl #buckets 8 coarsen threshold 3686 Howl Bitmap #cards 512 size 80 coarsen threshold 460 Card regions per heap region 1 cards per card region 4096

Heap:
 garbage-first heap   total reserved 4122624K, committed 0K, used 0K [0x0000000704600000, 0x0000000800000000)
  region size 2048K, 0 young (0K), 0 survivors (0K)

[error occurred during error reporting (printing heap information), id 0xc0000005, EXCEPTION_ACCESS_VIOLATION (0xc0000005) at pc=0x00007ffe1c2be429]
GC Heap History (0 events):
No events

Dll operation events (1 events):
Event: 0.005 Loaded shared library C:\Program Files\Java\jdk-22\bin\java.dll

Deoptimization events (0 events):
No events

Classes loaded (0 events):
No events

Classes unloaded (0 events):
No events

Classes redefined (0 events):
No events

Internal exceptions (0 events):
No events

ZGC Phase Switch (0 events):
No events

VM Operations (0 events):
No events

Events (0 events):
No events


Dynamic libraries:
0x00007ff7123e0000 - 0x00007ff7123f0000 	C:\Program Files\Java\jdk-22\bin\java.exe
0x00007ffed5ff0000 - 0x00007ffed6207000 	C:\Windows\SYSTEM32\ntdll.dll
0x00007ffed5a90000 - 0x00007ffed5b54000 	C:\Windows\System32\KERNEL32.DLL
0x00007ffed33c0000 - 0x00007ffed376c000 	C:\Windows\System32\KERNELBASE.dll
0x00007ffed3910000 - 0x00007ffed3a21000 	C:\Windows\System32\ucrtbase.dll
0x00007ffebe500000 - 0x00007ffebe517000 	C:\Program Files\Java\jdk-22\bin\jli.dll
0x00007ffebe520000 - 0x00007ffebe53b000 	C:\Program Files\Java\jdk-22\bin\VCRUNTIME140.dll
0x00007ffed4340000 - 0x00007ffed43f2000 	C:\Windows\System32\ADVAPI32.dll
0x00007ffed5e00000 - 0x00007ffed5ea7000 	C:\Windows\System32\msvcrt.dll
0x00007ffed5eb0000 - 0x00007ffed5f5a000 	C:\Windows\System32\sechost.dll
0x00007ffed38e0000 - 0x00007ffed3908000 	C:\Windows\System32\bcrypt.dll
0x00007ffed4400000 - 0x00007ffed4515000 	C:\Windows\System32\RPCRT4.dll
0x00007ffed58e0000 - 0x00007ffed5a8e000 	C:\Windows\System32\USER32.dll
0x00007ffed3390000 - 0x00007ffed33b6000 	C:\Windows\System32\win32u.dll
0x00007ffed5d10000 - 0x00007ffed5d39000 	C:\Windows\System32\GDI32.dll
0x00007ffed3b70000 - 0x00007ffed3c89000 	C:\Windows\System32\gdi32full.dll
0x00007ffed3c90000 - 0x00007ffed3d2a000 	C:\Windows\System32\msvcp_win.dll
0x00007ffec0300000 - 0x00007ffec0593000 	C:\Windows\WinSxS\amd64_microsoft.windows.common-controls_6595b64144ccf1df_6.0.22621.3672_none_2713b9d173822955\COMCTL32.dll
0x00007ffec8840000 - 0x00007ffec884a000 	C:\Windows\SYSTEM32\VERSION.dll
0x00007ffed5d40000 - 0x00007ffed5d71000 	C:\Windows\System32\IMM32.DLL
0x00007ffecad80000 - 0x00007ffecad8c000 	C:\Program Files\Java\jdk-22\bin\vcruntime140_1.dll
0x00007ffe97780000 - 0x00007ffe9780e000 	C:\Program Files\Java\jdk-22\bin\msvcp140.dll
0x00007ffe1bb80000 - 0x00007ffe1c8c7000 	C:\Program Files\Java\jdk-22\bin\server\jvm.dll
0x00007ffed5b60000 - 0x00007ffed5bd1000 	C:\Windows\System32\WS2_32.dll
0x00007ffed2170000 - 0x00007ffed21bd000 	C:\Windows\SYSTEM32\POWRPROF.dll
0x00007ffecb0b0000 - 0x00007ffecb0e4000 	C:\Windows\SYSTEM32\WINMM.dll
0x00007ffed2150000 - 0x00007ffed2163000 	C:\Windows\SYSTEM32\UMPDC.dll
0x00007ffed23a0000 - 0x00007ffed23b8000 	C:\Windows\SYSTEM32\kernel.appcore.dll
0x00007ffecad20000 - 0x00007ffecad2a000 	C:\Program Files\Java\jdk-22\bin\jimage.dll
0x00007ffed0ca0000 - 0x00007ffed0ed2000 	C:\Windows\SYSTEM32\DBGHELP.DLL
0x00007ffed3fb0000 - 0x00007ffed4338000 	C:\Windows\System32\combase.dll
0x00007ffed3e40000 - 0x00007ffed3f17000 	C:\Windows\System32\OLEAUT32.dll
0x00007ffeb34e0000 - 0x00007ffeb3512000 	C:\Windows\SYSTEM32\dbgcore.DLL
0x00007ffed3a30000 - 0x00007ffed3aab000 	C:\Windows\System32\bcryptPrimitives.dll
0x00007ffeb6e60000 - 0x00007ffeb6e7e000 	C:\Program Files\Java\jdk-22\bin\java.dll
0x00007ffed4c60000 - 0x00007ffed54bc000 	C:\Windows\System32\SHELL32.dll
0x00007ffed56c0000 - 0x00007ffed5865000 	C:\Windows\System32\ole32.dll

dbghelp: loaded successfully - version: 4.0.5 - missing functions: none
symbol engine: initialized successfully - sym options: 0x614 - pdb path: .;C:\Program Files\Java\jdk-22\bin;C:\Windows\SYSTEM32;C:\Windows\WinSxS\amd64_microsoft.windows.common-controls_6595b64144ccf1df_6.0.22621.3672_none_2713b9d173822955;C:\Program Files\Java\jdk-22\bin\server

VM Arguments:
jvm_args: -Dfile.encoding=utf8 
java_command: c:\Users\DWIKI\.vscode\extensions\vscjava.vscode-gradle-3.14.1\lib\gradle-language-server.jar
java_class_path (initial): c:\Users\DWIKI\.vscode\extensions\vscjava.vscode-gradle-3.14.1\lib\gradle-language-server.jar
Launcher Type: SUN_STANDARD

[Global flags]
     intx CICompilerCount                          = 12                                        {product} {ergonomic}
     uint ConcGCThreads                            = 5                                         {product} {ergonomic}
     uint G1ConcRefinementThreads                  = 18                                        {product} {ergonomic}
   size_t G1HeapRegionSize                         = 2097152                                   {product} {ergonomic}
   size_t InitialHeapSize                          = 264241152                                 {product} {ergonomic}
   size_t MarkStackSize                            = 4194304                                   {product} {ergonomic}
   size_t MaxHeapSize                              = 4221566976                                {product} {ergonomic}
   size_t MinHeapDeltaBytes                        = 2097152                                   {product} {ergonomic}
   size_t MinHeapSize                              = 8388608                                   {product} {ergonomic}
    uintx NonNMethodCodeHeapSize                   = 7602480                                {pd product} {ergonomic}
    uintx NonProfiledCodeHeapSize                  = 122027880                              {pd product} {ergonomic}
    uintx ProfiledCodeHeapSize                     = 122027880                              {pd product} {ergonomic}
    uintx ReservedCodeCacheSize                    = 251658240                              {pd product} {ergonomic}
     bool SegmentedCodeCache                       = true                                      {product} {ergonomic}
   size_t SoftMaxHeapSize                          = 4221566976                             {manageable} {ergonomic}
     bool UseCompressedOops                        = true                           {product lp64_product} {ergonomic}
     bool UseG1GC                                  = true                                      {product} {ergonomic}
     bool UseLargePagesIndividualAllocation        = false                                  {pd product} {ergonomic}

Logging:
Log output configuration:
 #0: stdout all=warning uptime,level,tags foldmultilines=false
 #1: stderr all=off uptime,level,tags foldmultilines=false

Environment Variables:
PATH=C:\Program Files\Common Files\Oracle\Java\javapath;C:\Program Files (x86)\Common Files\Oracle\Java\java8path;C:\Program Files (x86)\Common Files\Oracle\Java\javapath;C:\Windows\system32;C:\Windows;C:\Windows\System32\Wbem;C:\Windows\System32\WindowsPowerShell\v1.0\;C:\Windows\System32\OpenSSH\;C:\Program Files (x86)\NVIDIA Corporation\PhysX\Common;C:\Program Files\NVIDIA Corporation\NVIDIA NvDLISR;C:\Program Files\Microsoft SQL Server\150\Tools\Binn\;C:\Program Files\Microsoft SQL Server\Client SDK\ODBC\170\Tools\Binn\;C:\Program Files\dotnet\;C:\Program Files (x86)\Windows Kits\10\Windows Performance Toolkit\;C:\Users\DWIKI\AppData\Local\Programs\Python\Python312;D:\XAMPP\php;C:\ProgramData\ComposerSetup\bin;C:\Program Files\Git\cmd;C:\Program Files\nodejs\;C:\Program Files\Go\bin;D:\flutter_windows_3.22.2-stable\flutter\bin;C:\Program Files (x86)\Android\android-sdk\emulator;C:\Users\DWIKI\AppData\Local\Android\Sdk\cmdline-tools\latest\bin;C:\Users\DWIKI\AppData\Local\Pub\Cache\bin;D:\firebase;C:\Users\DWIKI\AppData\Local\Microsoft\WindowsApps;C:\Users\DWIKI\AppData\Local\Programs\Microsoft VS Code\bin;C:\MinGW\bin;C:\Users\DWIKI\.dotnet\tools;C:\Users\DWIKI\AppData\Local\Programs\Python\Python312;C:\Users\DWIKI\AppData\Local\Programs\Python\Python312\Scripts;C:\Users\DWIKI\AppData\Roaming\Composer\vendor\bin;C:\Users\DWIKI\AppData\Roaming\npm;C:\MinGW\bin;C:\Users\DWIKI\go\bin;C:\Users\DWIKI\AppData\Local\GitHubDesktop\bin
USERNAME=DWIKI
OS=Windows_NT
PROCESSOR_IDENTIFIER=Intel64 Family 6 Model 191 Stepping 2, GenuineIntel
TMP=C:\Users\DWIKI\AppData\Local\Temp
TEMP=C:\Users\DWIKI\AppData\Local\Temp




Periodic native trim disabled

---------------  S Y S T E M  ---------------

OS:
 Windows 11 , 64 bit Build 22621 (10.0.22621.3672)
OS uptime: 7 days 4:28 hours
Hyper-V role detected

CPU: total 24 (initial active 24) (12 cores per cpu, 2 threads per core) family 6 model 191 stepping 2 microcode 0x2c, cx8, cmov, fxsr, ht, mmx, 3dnowpref, sse, sse2, sse3, ssse3, sse4.1, sse4.2, popcnt, lzcnt, tsc, tscinvbit, avx, avx2, aes, erms, clmul, bmi1, bmi2, adx, sha, fma, vzeroupper, clflush, clflushopt, clwb, hv, serialize, rdtscp, rdpid, fsrm, f16c, cet_ibt, cet_ss
Processor Information for processor 0
  Max Mhz: 2100, Current Mhz: 2100, Mhz Limit: 2100
Processor Information for processor 1
  Max Mhz: 2100, Current Mhz: 2100, Mhz Limit: 2100
Processor Information for processor 2
  Max Mhz: 2100, Current Mhz: 2100, Mhz Limit: 2100
Processor Information for processor 3
  Max Mhz: 2100, Current Mhz: 2100, Mhz Limit: 2100
Processor Information for processor 4
  Max Mhz: 2100, Current Mhz: 2100, Mhz Limit: 2100
Processor Information for processor 5
  Max Mhz: 2100, Current Mhz: 2100, Mhz Limit: 2100
Processor Information for processor 6
  Max Mhz: 2100, Current Mhz: 2100, Mhz Limit: 2100
Processor Information for processor 7
  Max Mhz: 2100, Current Mhz: 2100, Mhz Limit: 2100
Processor Information for processor 8
  Max Mhz: 2100, Current Mhz: 2100, Mhz Limit: 2100
Processor Information for processor 9
  Max Mhz: 2100, Current Mhz: 2100, Mhz Limit: 2100
Processor Information for processor 10
  Max Mhz: 2100, Current Mhz: 2100, Mhz Limit: 2100
Processor Information for processor 11
  Max Mhz: 2100, Current Mhz: 2100, Mhz Limit: 2100
Processor Information for processor 12
  Max Mhz: 2100, Current Mhz: 2100, Mhz Limit: 2100
Processor Information for processor 13
  Max Mhz: 2100, Current Mhz: 2100, Mhz Limit: 2100
Processor Information for processor 14
  Max Mhz: 2100, Current Mhz: 2100, Mhz Limit: 2100
Processor Information for processor 15
  Max Mhz: 2100, Current Mhz: 2100, Mhz Limit: 2100
Processor Information for processor 16
  Max Mhz: 2100, Current Mhz: 1500, Mhz Limit: 1491
Processor Information for processor 17
  Max Mhz: 2100, Current Mhz: 1500, Mhz Limit: 1491
Processor Information for processor 18
  Max Mhz: 2100, Current Mhz: 1500, Mhz Limit: 1491
Processor Information for processor 19
  Max Mhz: 2100, Current Mhz: 1500, Mhz Limit: 1491
Processor Information for processor 20
  Max Mhz: 2100, Current Mhz: 1500, Mhz Limit: 1491
Processor Information for processor 21
  Max Mhz: 2100, Current Mhz: 1500, Mhz Limit: 1491
Processor Information for processor 22
  Max Mhz: 2100, Current Mhz: 1500, Mhz Limit: 1491
Processor Information for processor 23
  Max Mhz: 2100, Current Mhz: 1500, Mhz Limit: 1491

Memory: 4k page, system-wide physical 16103M (870M free)
TotalPageFile size 41891M (AvailPageFile size 207M)
current process WorkingSet (physical memory assigned to process): 12M, peak: 12M
current process commit charge ("private bytes"): 81M, peak: 333M

vm_info: Java HotSpot(TM) 64-Bit Server VM (22.0.1+8-16) for windows-amd64 JRE (22.0.1+8-16), built on 2024-03-12T10:33:16Z by "mach5one" with MS VC++ 17.6 (VS2022)

END.
