#
# There is insufficient memory for the Java Runtime Environment to continue.
# Native memory allocation (mmap) failed to map 264241152 bytes for G1 virtual space
# Possible reasons:
#   The system is out of physical RAM or swap space
#   The process is running with CompressedOops enabled, and the Java Heap may be blocking the growth of the native heap
# Possible solutions:
#   Reduce memory load on the system
#   Increase physical memory or swap space
#   Check if swap backing store is full
#   Decrease Java heap size (-Xmx/-Xms)
#   Decrease number of Java threads
#   Decrease Java thread stack sizes (-Xss)
#   Set larger code cache with -XX:ReservedCodeCacheSize=
#   JVM is running with Zero Based Compressed Oops mode in which the Java heap is
#     placed in the first 32GB address space. The Java Heap base address is the
#     maximum limit for the native heap growth. Please use -XX:HeapBaseMinAddress
#     to set the Java Heap base and to place the Java Heap above 32GB virtual address.
# This output file may be truncated or incomplete.
#
#  Out of Memory Error (os_windows.cpp:3825), pid=142472, tid=142524
#
# JRE version:  (17.0.10) (build )
# Java VM: OpenJDK 64-Bit Server VM (17.0.10+0--11609105, mixed mode, sharing, tiered, compressed oops, compressed class ptrs, g1 gc, windows-amd64)
# No core dump will be written. Minidumps are not enabled by default on client versions of Windows
#

---------------  S U M M A R Y ------------

Command Line: 

Host: 13th Gen Intel(R) Core(TM) i7-13700HX, 24 cores, 15G,  Windows 11 , 64 bit Build 22621 (10.0.22621.3672)
Time: Fri Jul  5 13:27:52 2024 SE Asia Standard Time elapsed time: 0.012935 seconds (0d 0h 0m 0s)

---------------  T H R E A D  ---------------

Current thread (0x0000014c028ee0a0):  JavaThread "Unknown thread" [_thread_in_vm, id=142524, stack(0x0000001768200000,0x0000001768300000)]

Stack: [0x0000001768200000,0x0000001768300000]
Native frames: (J=compiled Java code, j=interpreted, Vv=VM code, C=native code)
V  [jvm.dll+0x688de9]
V  [jvm.dll+0x8423da]
V  [jvm.dll+0x84401e]
V  [jvm.dll+0x844683]
V  [jvm.dll+0x24be0f]
V  [jvm.dll+0x685bb9]
V  [jvm.dll+0x67a46a]
V  [jvm.dll+0x30cbab]
V  [jvm.dll+0x314056]
V  [jvm.dll+0x363dce]
V  [jvm.dll+0x363fff]
V  [jvm.dll+0x2e2978]
V  [jvm.dll+0x2e38e4]
V  [jvm.dll+0x812f71]
V  [jvm.dll+0x371c81]
V  [jvm.dll+0x7f1ac6]
V  [jvm.dll+0x3f58df]
V  [jvm.dll+0x3f7511]
C  [jli.dll+0x528f]
C  [ucrtbase.dll+0x29333]
C  [KERNEL32.DLL+0x1257d]
C  [ntdll.dll+0x5af28]


---------------  P R O C E S S  ---------------

Threads class SMR info:
_java_thread_list=0x00007ffe2be1ef58, length=0, elements={
}

Java Threads: ( => current thread )

Other Threads:
  0x0000014c0295af80 GCTaskThread "GC Thread#0" [stack: 0x0000001768300000,0x0000001768400000] [id=142528]
  0x0000014c0296c2a0 ConcurrentGCThread "G1 Main Marker" [stack: 0x0000001768400000,0x0000001768500000] [id=142532]
  0x0000014c0296ccc0 ConcurrentGCThread "G1 Conc#0" [stack: 0x0000001768500000,0x0000001768600000] [id=142536]

[error occurred during error reporting (printing all threads), id 0xc0000005, EXCEPTION_ACCESS_VIOLATION (0xc0000005) at pc=0x00007ffe2b5d3547]

VM state: not at safepoint (not fully initialized)

VM Mutex/Monitor currently owned by a thread:  ([mutex/lock_event])
[0x0000014c028e9790] Heap_lock - owner thread: 0x0000014c028ee0a0

Heap address: 0x0000000704600000, size: 4026 MB, Compressed Oops mode: Zero based, Oop shift amount: 3

CDS archive(s) mapped at: [0x0000000000000000-0x0000000000000000-0x0000000000000000), size 0, SharedBaseAddress: 0x0000000800000000, ArchiveRelocationMode: 1.
Narrow klass base: 0x0000000000000000, Narrow klass shift: 0, Narrow klass range: 0x0

GC Precious Log:
<Empty>

Heap:
 garbage-first heap   total 0K, used 0K [0x0000000704600000, 0x0000000800000000)
  region size 2048K, 0 young (0K), 0 survivors (0K)
 Metaspace       used 0K, committed 0K, reserved 0K
  class space    used 0K, committed 0K, reserved 0K

Heap Regions: E=young(eden), S=young(survivor), O=old, HS=humongous(starts), HC=humongous(continues), CS=collection set, F=free, OA=open archive, CA=closed archive, TAMS=top-at-mark-start (previous, next)

Card table byte_map: [0x0000014c16390000,0x0000014c16b70000] _byte_map_base: 0x0000014c12b6d000

Marking Bits (Prev, Next): (CMBitMap*) 0x0000014c0295b5a0, (CMBitMap*) 0x0000014c0295b5e0
 Prev Bits: [0x0000014c17350000, 0x0000014c1b238000)
 Next Bits: [0x0000014c1b240000, 0x0000014c1f128000)

GC Heap History (0 events):
No events

Dll operation events (1 events):
Event: 0.008 Loaded shared library D:\Android Studio\jbr\bin\java.dll

Deoptimization events (0 events):
No events

Classes unloaded (0 events):
No events

Classes redefined (0 events):
No events

Internal exceptions (0 events):
No events

VM Operations (0 events):
No events

Events (0 events):
No events


Dynamic libraries:
0x00007ff65c5e0000 - 0x00007ff65c5ea000 	D:\Android Studio\jbr\bin\java.EXE
0x00007ffed5ff0000 - 0x00007ffed6207000 	C:\Windows\SYSTEM32\ntdll.dll
0x00007ffed5a90000 - 0x00007ffed5b54000 	C:\Windows\System32\KERNEL32.DLL
0x00007ffed33c0000 - 0x00007ffed376c000 	C:\Windows\System32\KERNELBASE.dll
0x00007ffed3910000 - 0x00007ffed3a21000 	C:\Windows\System32\ucrtbase.dll
0x00007ffe8ebe0000 - 0x00007ffe8ebfb000 	D:\Android Studio\jbr\bin\VCRUNTIME140.dll
0x00007ffe8de70000 - 0x00007ffe8de87000 	D:\Android Studio\jbr\bin\jli.dll
0x00007ffed58e0000 - 0x00007ffed5a8e000 	C:\Windows\System32\USER32.dll
0x00007ffed3390000 - 0x00007ffed33b6000 	C:\Windows\System32\win32u.dll
0x00007ffec0300000 - 0x00007ffec0593000 	C:\Windows\WinSxS\amd64_microsoft.windows.common-controls_6595b64144ccf1df_6.0.22621.3672_none_2713b9d173822955\COMCTL32.dll
0x00007ffed5d10000 - 0x00007ffed5d39000 	C:\Windows\System32\GDI32.dll
0x00007ffed5e00000 - 0x00007ffed5ea7000 	C:\Windows\System32\msvcrt.dll
0x00007ffed3b70000 - 0x00007ffed3c89000 	C:\Windows\System32\gdi32full.dll
0x00007ffed3c90000 - 0x00007ffed3d2a000 	C:\Windows\System32\msvcp_win.dll
0x00007ffed5d40000 - 0x00007ffed5d71000 	C:\Windows\System32\IMM32.DLL
0x00007ffecb1e0000 - 0x00007ffecb1ec000 	D:\Android Studio\jbr\bin\vcruntime140_1.dll
0x00007ffe3d250000 - 0x00007ffe3d2dd000 	D:\Android Studio\jbr\bin\msvcp140.dll
0x00007ffe2b2e0000 - 0x00007ffe2bf63000 	D:\Android Studio\jbr\bin\server\jvm.dll
0x00007ffed4340000 - 0x00007ffed43f2000 	C:\Windows\System32\ADVAPI32.dll
0x00007ffed5eb0000 - 0x00007ffed5f5a000 	C:\Windows\System32\sechost.dll
0x00007ffed38e0000 - 0x00007ffed3908000 	C:\Windows\System32\bcrypt.dll
0x00007ffed4400000 - 0x00007ffed4515000 	C:\Windows\System32\RPCRT4.dll
0x00007ffed2170000 - 0x00007ffed21bd000 	C:\Windows\SYSTEM32\POWRPROF.dll
0x00007ffec8840000 - 0x00007ffec884a000 	C:\Windows\SYSTEM32\VERSION.dll
0x00007ffecb0b0000 - 0x00007ffecb0e4000 	C:\Windows\SYSTEM32\WINMM.dll
0x00007ffe6e530000 - 0x00007ffe6e539000 	C:\Windows\SYSTEM32\WSOCK32.dll
0x00007ffed5b60000 - 0x00007ffed5bd1000 	C:\Windows\System32\WS2_32.dll
0x00007ffed2150000 - 0x00007ffed2163000 	C:\Windows\SYSTEM32\UMPDC.dll
0x00007ffed23a0000 - 0x00007ffed23b8000 	C:\Windows\SYSTEM32\kernel.appcore.dll
0x00007ffeaee70000 - 0x00007ffeaee7a000 	D:\Android Studio\jbr\bin\jimage.dll
0x00007ffed0ca0000 - 0x00007ffed0ed2000 	C:\Windows\SYSTEM32\DBGHELP.DLL
0x00007ffed3fb0000 - 0x00007ffed4338000 	C:\Windows\System32\combase.dll
0x00007ffed3e40000 - 0x00007ffed3f17000 	C:\Windows\System32\OLEAUT32.dll
0x00007ffeb34e0000 - 0x00007ffeb3512000 	C:\Windows\SYSTEM32\dbgcore.DLL
0x00007ffed3a30000 - 0x00007ffed3aab000 	C:\Windows\System32\bcryptPrimitives.dll
0x00007ffe86440000 - 0x00007ffe86465000 	D:\Android Studio\jbr\bin\java.dll

dbghelp: loaded successfully - version: 4.0.5 - missing functions: none
symbol engine: initialized successfully - sym options: 0x614 - pdb path: .;D:\Android Studio\jbr\bin;C:\Windows\SYSTEM32;C:\Windows\WinSxS\amd64_microsoft.windows.common-controls_6595b64144ccf1df_6.0.22621.3672_none_2713b9d173822955;D:\Android Studio\jbr\bin\server

VM Arguments:
java_command: <unknown>
java_class_path (initial): <not set>
Launcher Type: SUN_STANDARD

[Global flags]
     intx CICompilerCount                          = 12                                        {product} {ergonomic}
     uint ConcGCThreads                            = 5                                         {product} {ergonomic}
     uint G1ConcRefinementThreads                  = 18                                        {product} {ergonomic}
   size_t G1HeapRegionSize                         = 2097152                                   {product} {ergonomic}
    uintx GCDrainStackTargetSize                   = 64                                        {product} {ergonomic}
   size_t InitialHeapSize                          = 264241152                                 {product} {ergonomic}
   size_t MarkStackSize                            = 4194304                                   {product} {ergonomic}
   size_t MaxHeapSize                              = 4221566976                                {product} {ergonomic}
   size_t MinHeapDeltaBytes                        = 2097152                                   {product} {ergonomic}
   size_t MinHeapSize                              = 8388608                                   {product} {ergonomic}
    uintx NonNMethodCodeHeapSize                   = 7602480                                {pd product} {ergonomic}
    uintx NonProfiledCodeHeapSize                  = 122027880                              {pd product} {ergonomic}
    uintx ProfiledCodeHeapSize                     = 122027880                              {pd product} {ergonomic}
    uintx ReservedCodeCacheSize                    = 251658240                              {pd product} {ergonomic}
     bool SegmentedCodeCache                       = true                                      {product} {ergonomic}
   size_t SoftMaxHeapSize                          = 4221566976                             {manageable} {ergonomic}
     bool UseCompressedClassPointers               = true                           {product lp64_product} {ergonomic}
     bool UseCompressedOops                        = true                           {product lp64_product} {ergonomic}
     bool UseG1GC                                  = true                                      {product} {ergonomic}
     bool UseLargePagesIndividualAllocation        = false                                  {pd product} {ergonomic}

Logging:
Log output configuration:
 #0: stdout all=warning uptime,level,tags
 #1: stderr all=off uptime,level,tags

Environment Variables:
JAVA_HOME=D:\Android Studio\jbr
PATH=D:\Android Studio\jbr\bin;C:\Program Files\Common Files\Oracle\Java\javapath;C:\Program Files (x86)\Common Files\Oracle\Java\java8path;C:\Program Files (x86)\Common Files\Oracle\Java\javapath;C:\Windows\system32;C:\Windows;C:\Windows\System32\Wbem;C:\Windows\System32\WindowsPowerShell\v1.0\;C:\Windows\System32\OpenSSH\;C:\Program Files (x86)\NVIDIA Corporation\PhysX\Common;C:\Program Files\NVIDIA Corporation\NVIDIA NvDLISR;C:\Program Files\Microsoft SQL Server\150\Tools\Binn\;C:\Program Files\Microsoft SQL Server\Client SDK\ODBC\170\Tools\Binn\;C:\Program Files\dotnet\;C:\Program Files (x86)\Windows Kits\10\Windows Performance Toolkit\;C:\Users\DWIKI\AppData\Local\Programs\Python\Python312;D:\XAMPP\php;C:\ProgramData\ComposerSetup\bin;C:\Program Files\Git\cmd;C:\Program Files\nodejs\;C:\Program Files\Go\bin;D:\flutter_windows_3.22.2-stable\flutter\bin;C:\Program Files (x86)\Android\android-sdk\emulator;C:\Users\DWIKI\AppData\Local\Android\Sdk\cmdline-tools\latest\bin;C:\Users\DWIKI\AppData\Local\Pub\Cache\bin;D:\firebase;C:\Users\DWIKI\AppData\Local\Microsoft\WindowsApps;C:\Users\DWIKI\AppData\Local\Programs\Microsoft VS Code\bin;C:\MinGW\bin;C:\Users\DWIKI\.dotnet\tools;C:\Users\DWIKI\AppData\Local\Programs\Python\Python312;C:\Users\DWIKI\AppData\Local\Programs\Python\Python312\Scripts;C:\Users\DWIKI\AppData\Roaming\Composer\vendor\bin;C:\Users\DWIKI\AppData\Roaming\npm;C:\MinGW\bin;C:\Users\DWIKI\go\bin;C:\Users\DWIKI\AppData\Local\GitHubDesktop\bin
USERNAME=DWIKI
OS=Windows_NT
PROCESSOR_IDENTIFIER=Intel64 Family 6 Model 191 Stepping 2, GenuineIntel
TMP=C:\Users\DWIKI\AppData\Local\Temp
TEMP=C:\Users\DWIKI\AppData\Local\Temp



Periodic native trim disabled

JNI global refs:
JNI global refs: 0, weak refs: 0

JNI global refs memory usage: 0, weak refs: 0

OOME stack traces (most recent first):
Classloader memory used:


---------------  S Y S T E M  ---------------

OS:
 Windows 11 , 64 bit Build 22621 (10.0.22621.3672)
OS uptime: 6 days 21:20 hours
Hyper-V role detected

CPU: total 24 (initial active 24) (12 cores per cpu, 2 threads per core) family 6 model 191 stepping 2 microcode 0x2c, cx8, cmov, fxsr, ht, mmx, 3dnowpref, sse, sse2, sse3, ssse3, sse4.1, sse4.2, popcnt, lzcnt, tsc, tscinvbit, avx, avx2, aes, erms, clmul, bmi1, bmi2, adx, sha, fma, vzeroupper, clflush, clflushopt, clwb, hv
Processor Information for processor 0
  Max Mhz: 2100, Current Mhz: 2100, Mhz Limit: 2100
Processor Information for processor 1
  Max Mhz: 2100, Current Mhz: 2100, Mhz Limit: 2100
Processor Information for processor 2
  Max Mhz: 2100, Current Mhz: 2100, Mhz Limit: 2100
Processor Information for processor 3
  Max Mhz: 2100, Current Mhz: 2100, Mhz Limit: 2100
Processor Information for processor 4
  Max Mhz: 2100, Current Mhz: 2100, Mhz Limit: 2100
Processor Information for processor 5
  Max Mhz: 2100, Current Mhz: 2100, Mhz Limit: 2100
Processor Information for processor 6
  Max Mhz: 2100, Current Mhz: 2100, Mhz Limit: 2100
Processor Information for processor 7
  Max Mhz: 2100, Current Mhz: 2100, Mhz Limit: 2100
Processor Information for processor 8
  Max Mhz: 2100, Current Mhz: 2100, Mhz Limit: 2100
Processor Information for processor 9
  Max Mhz: 2100, Current Mhz: 2100, Mhz Limit: 2100
Processor Information for processor 10
  Max Mhz: 2100, Current Mhz: 2100, Mhz Limit: 2100
Processor Information for processor 11
  Max Mhz: 2100, Current Mhz: 2100, Mhz Limit: 2100
Processor Information for processor 12
  Max Mhz: 2100, Current Mhz: 2100, Mhz Limit: 2100
Processor Information for processor 13
  Max Mhz: 2100, Current Mhz: 2100, Mhz Limit: 2100
Processor Information for processor 14
  Max Mhz: 2100, Current Mhz: 2100, Mhz Limit: 2100
Processor Information for processor 15
  Max Mhz: 2100, Current Mhz: 2100, Mhz Limit: 2100
Processor Information for processor 16
  Max Mhz: 2100, Current Mhz: 1500, Mhz Limit: 1491
Processor Information for processor 17
  Max Mhz: 2100, Current Mhz: 1500, Mhz Limit: 1491
Processor Information for processor 18
  Max Mhz: 2100, Current Mhz: 1500, Mhz Limit: 1491
Processor Information for processor 19
  Max Mhz: 2100, Current Mhz: 1500, Mhz Limit: 1491
Processor Information for processor 20
  Max Mhz: 2100, Current Mhz: 1500, Mhz Limit: 1491
Processor Information for processor 21
  Max Mhz: 2100, Current Mhz: 1500, Mhz Limit: 1491
Processor Information for processor 22
  Max Mhz: 2100, Current Mhz: 1500, Mhz Limit: 1491
Processor Information for processor 23
  Max Mhz: 2100, Current Mhz: 1500, Mhz Limit: 1491

Memory: 4k page, system-wide physical 16103M (79M free)
TotalPageFile size 41891M (AvailPageFile size 236M)
current process WorkingSet (physical memory assigned to process): 11M, peak: 11M
current process commit charge ("private bytes"): 81M, peak: 333M

vm_info: OpenJDK 64-Bit Server VM (17.0.10+0--11609105) for windows-amd64 JRE (17.0.10+0--11609105), built on Mar 21 2024 19:10:56 by "androidbuild" with MS VC++ 16.10 / 16.11 (VS2019)

END.
